2021-11-19 19:26:17,849 - Model: resnet34d 
Pretrained: True 
In Channels: 3
2021-11-19 19:27:52,028 - Model: resnet34d 
Pretrained: True 
In Channels: 3
2021-11-19 19:28:12,619 - Model: resnet34d 
Pretrained: True 
In Channels: 3
2021-11-19 19:28:14,290 - x: torch.Size([4, 3, 224, 224]) 
y: torch.Size([4, 1])
2021-11-19 19:28:14,291 - x[0][0][0]: -0.2981373071670532 
y[0][0][0]: -0.029425665736198425
2021-11-19 19:34:48,072 - Model: resnet34d 
Pretrained: True 
In Channels: 3
2021-11-19 19:34:49,743 - Forward Pass Successful!
2021-11-19 19:34:49,743 - x: torch.Size([4, 3, 224, 224]) 
y: torch.Size([4, 1])
2021-11-19 19:34:49,744 - x[0][0][0]: -0.33575472235679626 
y[0][0][0]: 0.0663692057132721
2021-11-19 19:35:30,062 - Model: resnet34d 
Pretrained: True 
In Channels: 3
2021-11-19 19:35:31,727 - Forward Pass Successful!
2021-11-19 19:35:31,728 - x: torch.Size([4, 3, 224, 224]) 
y: torch.Size([4, 1])
2021-11-19 19:35:31,728 - x[0][0][0]: -0.33575472235679626 
y[0][0][0]: 0.0663692057132721
2021-11-19 19:35:48,489 - Model: resnet34d 
Pretrained: True 
In Channels: 3
2021-11-19 19:35:50,123 - Forward Pass Successful!
2021-11-19 19:35:50,123 - x: torch.Size([4, 3, 224, 224]) 
y: torch.Size([4, 1])
2021-11-19 19:35:50,124 - x[0][0][0]: -0.33575472235679626 
y[0][0][0]: 0.0663692057132721
2021-11-19 19:37:12,708 - Model: resnet34d 
Pretrained: True 
In Channels: 3
2021-11-19 19:37:14,308 - Forward Pass Successful!
2021-11-19 19:37:14,309 - x: torch.Size([4, 3, 224, 224]) 
y: torch.Size([4, 1])
2021-11-19 19:37:14,309 - x[0][0][0]: -0.33575472235679626 
y[0][0][0]: 0.0663692057132721
